<?xml version="1.0" encoding="UTF-8"?>
<Site BuildName="(empty)"
	BuildStamp="20240715-1734-Experimental"
	Name="(empty)"
	Generator="ctest-3.29.6"
	CompilerName=""
	CompilerVersion=""
	OSName="macOS"
	Hostname="h-MacBook-Pro-sl-matan.local"
	OSRelease="14.5"
	OSVersion="23F79"
	OSPlatform="arm64"
	Is64Bits="1"
	VendorString="IBM"
	VendorID="IBM"
	FamilyID="16777228"
	ModelID="2"
	ProcessorCacheSize="131072"
	NumberOfLogicalCPU="8"
	NumberOfPhysicalCPU="8"
	TotalVirtualMemory="0"
	TotalPhysicalMemory="16384"
	LogicalProcessorsPerPhysical="8"
	ProcessorClockFrequency="0"
	>
	<Testing>
		<StartDateTime>Jul 15 20:34 IDT</StartDateTime>
		<StartTestTime>1721064873</StartTestTime>
		<TestList/>
		<EndDateTime>Jul 15 20:34 IDT</EndDateTime>
		<EndTestTime>1721064873</EndTestTime>
		<ElapsedMinutes>0</ElapsedMinutes>
	</Testing>
</Site>
